2008.03.26 18:59 B F:\Chris P\business\Clients\Stellar\website\sc\images\aliens\custom\peopleeater.gif <-- homeserve /sc/images/aliens/custom peopleeater.gif
2008.03.26 18:59 B F:\Chris P\business\Clients\Stellar\website\sc\images\aliens\custom\snowstorm.gif <-- homeserve /sc/images/aliens/custom snowstorm.gif
2008.03.26 18:59 B F:\Chris P\business\Clients\Stellar\website\sc\images\aliens\custom\Outlaw_Star.gif <-- homeserve /sc/images/aliens/custom Outlaw_Star.gif
2008.03.26 18:59 B F:\Chris P\business\Clients\Stellar\website\sc\images\aliens\custom\Xeviathian.gif <-- homeserve /sc/images/aliens/custom Xeviathian.gif
2008.03.26 18:59 B F:\Chris P\business\Clients\Stellar\website\sc\images\aliens\custom\Tubaplaya.gif <-- homeserve /sc/images/aliens/custom Tubaplaya.gif
2008.03.26 18:59 B F:\Chris P\business\Clients\Stellar\website\sc\images\aliens\custom\$.gif <-- homeserve /sc/images/aliens/custom ?.gif
2008.03.26 18:59 B F:\Chris P\business\Clients\Stellar\website\sc\images\aliens\custom\Kaws22.gif <-- homeserve /sc/images/aliens/custom Kaws22.gif
2008.03.26 18:59 B F:\Chris P\business\Clients\Stellar\website\sc\images\aliens\custom\Lafrog.gif <-- homeserve /sc/images/aliens/custom Lafrog.gif
2008.03.26 18:59 B F:\Chris P\business\Clients\Stellar\website\sc\images\aliens\custom\starfed.gif <-- homeserve /sc/images/aliens/custom starfed.gif
2008.03.26 18:59 B F:\Chris P\business\Clients\Stellar\website\sc\images\aliens\custom\Quickgrif.gif <-- homeserve /sc/images/aliens/custom Quickgrif.gif
2008.03.26 18:59 B F:\Chris P\business\Clients\Stellar\website\sc\images\aliens\custom\Borg.gif <-- homeserve /sc/images/aliens/custom Borg.gif
2008.03.26 18:59 B F:\Chris P\business\Clients\Stellar\website\sc\images\aliens\custom\Allied_Star.gif <-- homeserve /sc/images/aliens/custom Allied_Star.gif
2008.03.26 18:59 B F:\Chris P\business\Clients\Stellar\website\sc\images\aliens\custom\Blue_Oyster_Cult.gif <-- homeserve /sc/images/aliens/custom Blue_Oyster_Cult.gif
2008.03.26 18:59 B F:\Chris P\business\Clients\Stellar\website\sc\images\aliens\custom\Bicentennialman.gif <-- homeserve /sc/images/aliens/custom Bicentennialman.gif
2008.03.26 19:00 B F:\Chris P\business\Clients\Stellar\website\sc\images\aliens\custom\Men_Without_Hats.gif <-- homeserve /sc/images/aliens/custom Men_Without_Hats.gif
2008.03.26 19:00 B F:\Chris P\business\Clients\Stellar\website\sc\images\aliens\custom\Space_Bananas.gif <-- homeserve /sc/images/aliens/custom Space_Bananas.gif
2008.03.26 19:00 B F:\Chris P\business\Clients\Stellar\website\sc\images\aliens\custom\Mad_Chickens_of_Doom.gif <-- homeserve /sc/images/aliens/custom Mad_Chickens_of_Doom.gif
2008.03.26 19:00 B F:\Chris P\business\Clients\Stellar\website\sc\images\aliens\custom\The_Rulers.gif <-- homeserve /sc/images/aliens/custom The_Rulers.gif
2008.03.26 19:00 B F:\Chris P\business\Clients\Stellar\website\sc\images\aliens\custom\CereDigion.gif <-- homeserve /sc/images/aliens/custom CereDigion.gif
2008.03.26 19:00 B F:\Chris P\business\Clients\Stellar\website\sc\images\aliens\custom\general_grimm.gif <-- homeserve /sc/images/aliens/custom general_grimm.gif
2008.03.26 19:00 B F:\Chris P\business\Clients\Stellar\website\sc\images\aliens\custom\Kefka.gif <-- homeserve /sc/images/aliens/custom Kefka.gif
2008.03.26 19:00 B F:\Chris P\business\Clients\Stellar\website\sc\images\aliens\custom\egomite.gif <-- homeserve /sc/images/aliens/custom egomite.gif
2008.03.26 19:00 B F:\Chris P\business\Clients\Stellar\website\sc\images\aliens\custom\TRIAXX.gif <-- homeserve /sc/images/aliens/custom TRIAXX.gif
2008.03.26 19:00 B F:\Chris P\business\Clients\Stellar\website\sc\images\aliens\custom\Aztec_Empire.gif <-- homeserve /sc/images/aliens/custom Aztec_Empire.gif
2008.03.30 20:54 B F:\Chris P\business\Clients\Stellar\website\sc\images\aliens\custom\$.gif --> homeserve.org /sc/images/aliens/custom $.gif
2008.03.30 20:55 B F:\Chris P\business\Clients\Stellar\website\sc\images\aliens\custom\WS_FTP.LOG --> homeserve.org /sc/images/aliens/custom WS_FTP.LOG
