2006.12.29 17:22 B F:\Chris P\business\Clients\Stellar\website\server.php <-- homeserve /sc server.php
2006.12.29 17:22 B F:\Chris P\business\Clients\Stellar\website\serverconfig.php <-- homeserve /sc serverconfig.php
2006.12.29 17:27 B F:\Chris P\business\Clients\Stellar\website\server.php --> homeserve.org /sc server.php
2006.12.29 17:28 B F:\Chris P\business\Clients\Stellar\website\sc.php --> homeserve.org /sc sc.php
2006.12.29 17:28 B F:\Chris P\business\Clients\Stellar\website\server.php --> homeserve.org /sc server.php
2006.12.29 17:33 B F:\Chris P\business\Clients\Stellar\website\server.php --> homeserve.org /sc server.php
2006.12.29 17:34 B F:\Chris P\business\Clients\Stellar\website\serverconfig.php --> homeserve.org /sc serverconfig.php
2006.12.29 17:35 B F:\Chris P\business\Clients\Stellar\website\serverconfig.php --> homeserve.org /sc serverconfig.php
2006.12.29 17:35 B F:\Chris P\business\Clients\Stellar\website\serverconfig.php --> homeserve.org /sc serverconfig.php
2006.12.29 17:50 B F:\Chris P\business\Clients\Stellar\website\footer.php --> homeserve.org /sc footer.php
2006.12.29 18:17 B F:\Chris P\business\Clients\Stellar\website\footer.php --> homeserve.org /sc footer.php
2006.12.29 18:19 B F:\Chris P\business\Clients\Stellar\website\footer.php --> homeserve.org /sc/images footer.php
2006.12.29 18:20 B F:\Chris P\business\Clients\Stellar\website\footer.php --> homeserve.org /sc footer.php
2007.01.04 17:30 B F:\Chris P\business\Clients\Stellar\website\cjp_change_log.txt --> homeserve.org /sc cjp_change_log.txt
2007.01.04 17:30 B F:\Chris P\business\Clients\Stellar\website\cjp_log.php --> homeserve.org /sc cjp_log.php
2007.01.04 17:30 B F:\Chris P\business\Clients\Stellar\website\create_database.php --> homeserve.org /sc create_database.php
2007.01.04 17:30 B F:\Chris P\business\Clients\Stellar\website\errorlog.html --> homeserve.org /sc errorlog.html
2007.01.04 17:31 B F:\Chris P\business\Clients\Stellar\website\fixplanets.php --> homeserve.org /sc fixplanets.php
2007.01.04 17:31 B F:\Chris P\business\Clients\Stellar\website\footer.php --> homeserve.org /sc footer.php
2007.01.04 17:31 B F:\Chris P\business\Clients\Stellar\website\history.php --> homeserve.org /sc history.php
2007.01.04 17:31 B F:\Chris P\business\Clients\Stellar\website\index.html --> homeserve.org /sc index.html
2007.01.04 17:31 B F:\Chris P\business\Clients\Stellar\website\index.php --> homeserve.org /sc index.php
2007.01.04 17:31 B F:\Chris P\business\Clients\Stellar\website\open_games.rss --> homeserve.org /sc open_games.rss
2007.01.04 17:31 B F:\Chris P\business\Clients\Stellar\website\sc.js --> homeserve.org /sc sc.js
2007.01.04 17:31 B F:\Chris P\business\Clients\Stellar\website\sc.php --> homeserve.org /sc sc.php
2007.01.04 17:31 B F:\Chris P\business\Clients\Stellar\website\server.php --> homeserve.org /sc server.php
2007.01.04 17:31 B F:\Chris P\business\Clients\Stellar\website\ship_types.php --> homeserve.org /sc ship_types.php
2007.01.04 17:31 B F:\Chris P\business\Clients\Stellar\website\sql.php --> homeserve.org /sc sql.php
2007.01.04 17:31 B F:\Chris P\business\Clients\Stellar\website\styles.css --> homeserve.org /sc styles.css
2007.01.04 17:31 B F:\Chris P\business\Clients\Stellar\website\update.php --> homeserve.org /sc update.php
2007.01.04 17:31 B F:\Chris P\business\Clients\Stellar\website\updates.rss --> homeserve.org /sc updates.rss
2007.01.04 17:31 B F:\Chris P\business\Clients\Stellar\website\WS_FTP.LOG --> homeserve.org /sc WS_FTP.LOG
2007.01.04 17:42 B F:\Chris P\business\Clients\Stellar\website\serverconfig_save20070104.php <-- homeserve /sc serverconfig_save20070104.php
2007.01.04 19:48 B F:\Chris P\business\Clients\Stellar\website\errorlog.html --> homeserve.org /sc errorlog.html
2007.01.04 19:51 B F:\Chris P\business\Clients\Stellar\website\errorlog.html --> homeserve.org /sc errorlog.html
2007.01.04 19:55 B F:\Chris P\business\Clients\Stellar\website\errorlog.html --> homeserve.org /sc errorlog.html
2007.01.14 18:30 B F:\Chris P\business\Clients\Stellar\website\server.php <-- homeserve /sc server.php
2007.01.14 18:31 B F:\Chris P\business\Clients\Stellar\website\serverconfig.php <-- homeserve /sc serverconfig.php
2007.01.14 18:33 B F:\Chris P\business\Clients\Stellar\website\serverconfig.php --> homeserve.org /sc serverconfig.php
2007.01.14 18:38 B F:\Chris P\business\Clients\Stellar\website\errorlog.html <-- homeserve /sc errorlog.html
2007.01.14 18:44 B F:\Chris P\business\Clients\Stellar\website\errorlog.html --> homeserve.org /sc errorlog.html
2007.01.14 18:46 B F:\Chris P\business\Clients\Stellar\website\errorlog.html --> homeserve.org /sc errorlog.html
2007.01.14 19:00 B F:\Chris P\business\Clients\Stellar\website\errorlog.html --> homeserve.org /sc errorlog.html
2007.01.14 20:25 B F:\Chris P\business\Clients\Stellar\website\errorlog.html --> homeserve.org /sc errorlog.html
2007.01.14 20:26 B F:\Chris P\business\Clients\Stellar\website\errorlog.html --> homeserve.org /sc errorlog.html
2007.01.14 20:28 B F:\Chris P\business\Clients\Stellar\website\errorlog.html --> homeserve.org /sc errorlog.html
2007.01.14 21:04 B F:\Chris P\business\Clients\Stellar\website\debug.php --> homeserve.org /sc debug.php
2007.01.14 21:09 B F:\Chris P\business\Clients\Stellar\website\debug.php --> homeserve.org /sc debug.php
2007.01.16 17:12 B F:\Chris P\business\Clients\Stellar\website\errorlog.html --> homeserve.org /sc errorlog.html
2007.01.24 16:26 B F:\Chris P\business\Clients\Stellar\website\errorlog.html --> homeserve.org /sc errorlog.html
2007.01.24 20:34 B F:\Chris P\business\Clients\Stellar\website\serverconfig.php --> homeserve.org /sc serverconfig.php
2007.01.24 20:38 B F:\Chris P\business\Clients\Stellar\website\serverconfig.php --> homeserve.org /sc serverconfig.php
2007.01.24 20:55 B F:\Chris P\business\Clients\Stellar\website\sc.php --> homeserve.org /sc sc.php
2007.01.24 21:16 B F:\Chris P\business\Clients\Stellar\website\sc.php --> homeserve.org / sc.php
2007.01.24 22:23 B F:\Chris P\business\Clients\Stellar\website\sc.php --> homeserve.org /sc sc.php
2007.01.24 22:23 B F:\Chris P\business\Clients\Stellar\website\sc.php --> homeserve.org /sc sc.php
2007.01.24 22:24 B F:\Chris P\business\Clients\Stellar\website\sc.php --> homeserve.org /sc sc.php
2007.01.24 22:25 B F:\Chris P\business\Clients\Stellar\website\sc.php --> homeserve.org /sc sc.php
2007.01.24 22:25 B F:\Chris P\business\Clients\Stellar\website\sc.php --> homeserve.org /sc sc.php
2007.01.24 22:30 B F:\Chris P\business\Clients\Stellar\website\sc.php --> homeserve.org /sc sc.php
2007.01.27 16:07 B F:\Chris P\business\Clients\Stellar\website\sc.php --> homeserve.org /sc sc.php
2007.01.30 17:47 B F:\Chris P\business\Clients\Stellar\website\serverconfig.php --> homeserve.org /sc serverconfig.php
2007.01.30 17:50 B F:\Chris P\business\Clients\Stellar\website\errorlog.html --> homeserve.org /sc errorlog.html
2007.02.01 22:07 B F:\Chris P\business\Clients\Stellar\website\update.php --> homeserve.org /sc update.php
2007.02.05 19:09 B F:\Chris P\business\Clients\Stellar\website\cjp_change_log.txt --> homeserve.org /sctest cjp_change_log.txt
2007.02.05 19:09 B F:\Chris P\business\Clients\Stellar\website\cjp_log.php --> homeserve.org /sctest cjp_log.php
2007.02.05 19:09 B F:\Chris P\business\Clients\Stellar\website\Copy of errorlog.html --> homeserve.org /sctest Copy of errorlog.html
2007.02.05 19:09 B F:\Chris P\business\Clients\Stellar\website\debug.php --> homeserve.org /sctest debug.php
2007.02.05 19:09 B F:\Chris P\business\Clients\Stellar\website\errorlog.html --> homeserve.org /sctest errorlog.html
2007.02.05 19:09 B F:\Chris P\business\Clients\Stellar\website\favicon.ico --> homeserve.org /sctest favicon.ico
2007.02.05 19:09 B F:\Chris P\business\Clients\Stellar\website\fixplanets.php --> homeserve.org /sctest fixplanets.php
2007.02.05 19:09 B F:\Chris P\business\Clients\Stellar\website\footer.php --> homeserve.org /sctest footer.php
2007.02.05 19:09 B F:\Chris P\business\Clients\Stellar\website\history.php --> homeserve.org /sctest history.php
2007.02.05 19:09 B F:\Chris P\business\Clients\Stellar\website\index.html --> homeserve.org /sctest index.html
2007.02.05 19:09 B F:\Chris P\business\Clients\Stellar\website\index.php --> homeserve.org /sctest index.php
2007.02.05 19:09 B F:\Chris P\business\Clients\Stellar\website\open_games.rss --> homeserve.org /sctest open_games.rss
2007.02.05 19:09 B F:\Chris P\business\Clients\Stellar\website\sc.js --> homeserve.org /sctest sc.js
2007.02.05 19:09 B F:\Chris P\business\Clients\Stellar\website\sc.php --> homeserve.org /sctest sc.php
2007.02.05 19:10 B F:\Chris P\business\Clients\Stellar\website\server.php --> homeserve.org /sctest server.php
2007.02.05 19:10 B F:\Chris P\business\Clients\Stellar\website\serverconfig.php --> homeserve.org /sctest serverconfig.php
2007.02.05 19:10 B F:\Chris P\business\Clients\Stellar\website\serverconfig_save20070104.php --> homeserve.org /sctest serverconfig_save20070104.php
2007.02.05 19:10 B F:\Chris P\business\Clients\Stellar\website\ship_types.php --> homeserve.org /sctest ship_types.php
2007.02.05 19:10 B F:\Chris P\business\Clients\Stellar\website\sql.php --> homeserve.org /sctest sql.php
2007.02.05 19:10 B F:\Chris P\business\Clients\Stellar\website\styles.css --> homeserve.org /sctest styles.css
2007.02.05 19:10 B F:\Chris P\business\Clients\Stellar\website\update.php --> homeserve.org /sctest update.php
2007.02.05 19:10 B F:\Chris P\business\Clients\Stellar\website\updates.rss --> homeserve.org /sctest updates.rss
2007.02.11 18:23 B F:\Chris P\business\Clients\Stellar\website\errorlog.html --> homeserve.org /sc errorlog.html
2007.02.14 20:08 B F:\Chris P\business\Clients\Stellar\website\open_games.rss --> homeserve.org /sc open_games.rss
2007.02.14 20:11 B F:\Chris P\business\Clients\Stellar\website\open_games.rss --> homeserve.org /sc open_games.rss
2007.02.14 20:11 B F:\Chris P\business\Clients\Stellar\website\open_games.php --> homeserve.org /sc open_games.php
2007.02.14 20:11 B F:\Chris P\business\Clients\Stellar\website\open_games.rss <-- homeserve /sc open_games.rss
2007.02.25 19:38 B F:\Chris P\business\Clients\Stellar\website\errorlog.html --> homeserve.org /sc errorlog.html
2007.03.08 18:25 B F:\Chris P\business\Clients\Stellar\website\update.php --> homeserve.org /sc update.php
2007.03.08 18:27 B F:\Chris P\business\Clients\Stellar\website\update.php --> homeserve.org /sc update.php
2007.04.02 17:09 B F:\Chris P\business\Clients\Stellar\website\errorlog.html --> homeserve.org /sc errorlog.html
2007.04.02 17:09 B F:\Chris P\business\Clients\Stellar\website\errorlog20070402.html <-- homeserve /sc errorlog20070402.html
2007.04.06 18:02 B F:\Chris P\business\Clients\Stellar\website\errorlog.html --> homeserve.org /sc errorlog.html
2007.05.05 16:16 B F:\Chris P\business\Clients\Stellar\website\errorlog.html --> homeserve.org /sc errorlog.html
2007.05.12 09:50 B F:\Chris P\business\Clients\Stellar\website\serverconfig.php --> homeserve.org /sc serverconfig.php
2007.05.12 09:51 B F:\Chris P\business\Clients\Stellar\website\serverconfig.php --> homeserve.org /sc serverconfig.php
2007.11.15 23:57 B F:\Chris P\business\Clients\Stellar\website\sc\errorlog.html --> homeserve.org /sc errorlog.html
2008.03.21 19:07 B F:\Chris P\business\Clients\Stellar\website\sc\sc.php --> homeserve.org /sc sc.php
2008.03.21 19:07 B F:\Chris P\business\Clients\Stellar\website\sc\serverconfig.php --> homeserve.org /sc serverconfig.php
2008.03.21 19:09 B F:\Chris P\business\Clients\Stellar\website\sc\footer.php --> homeserve.org /sc footer.php
2008.03.21 19:10 B F:\Chris P\business\Clients\Stellar\website\sc\cjp_change_log.txt <-- homeserve /sc cjp_change_log.txt
2008.03.21 19:13 B F:\Chris P\business\Clients\Stellar\website\sc\cjp_change_log.txt --> homeserve.org /sc cjp_change_log.txt
2008.03.26 19:04 B F:\Chris P\business\Clients\Stellar\website\sc\errorlog.html <-- homeserve /sc errorlog.html
2008.03.26 19:05 B F:\Chris P\business\Clients\Stellar\website\sc\website.zip <-- homeserve /sc website.zip
2008.03.26 19:05 B F:\Chris P\business\Clients\Stellar\website\sc\open_games.rss <-- homeserve /sc open_games.rss
2008.03.26 19:05 B F:\Chris P\business\Clients\Stellar\website\sc\open_games.php <-- homeserve /sc open_games.php
2008.03.26 19:05 B F:\Chris P\business\Clients\Stellar\website\sc\gameList01.php <-- homeserve /sc gameList01.php
2008.03.26 19:05 B F:\Chris P\business\Clients\Stellar\website\sc\debug_data.html <-- homeserve /sc debug_data.html
2008.03.26 19:05 B F:\Chris P\business\Clients\Stellar\website\sc\updates.rss <-- homeserve /sc updates.rss
2008.03.26 19:05 B F:\Chris P\business\Clients\Stellar\website\sc\update01.php <-- homeserve /sc update01.php
2008.03.26 19:05 B F:\Chris P\business\Clients\Stellar\website\sc\styles.css <-- homeserve /sc styles.css
2008.03.26 19:05 B F:\Chris P\business\Clients\Stellar\website\sc\sql.php <-- homeserve /sc sql.php
2008.03.26 19:05 B F:\Chris P\business\Clients\Stellar\website\sc\ship_types.php <-- homeserve /sc ship_types.php
2008.03.26 19:05 B F:\Chris P\business\Clients\Stellar\website\sc\sc.js <-- homeserve /sc sc.js
2008.03.26 19:05 B F:\Chris P\business\Clients\Stellar\website\sc\index.php <-- homeserve /sc index.php
2008.03.26 19:05 B F:\Chris P\business\Clients\Stellar\website\sc\index.html <-- homeserve /sc index.html
2008.03.26 19:05 B F:\Chris P\business\Clients\Stellar\website\sc\history.php <-- homeserve /sc history.php
2008.03.26 19:05 B F:\Chris P\business\Clients\Stellar\website\sc\fixplanets.php <-- homeserve /sc fixplanets.php
2008.03.26 19:05 B F:\Chris P\business\Clients\Stellar\website\sc\create_database.php <-- homeserve /sc create_database.php
2008.03.26 19:05 B F:\Chris P\business\Clients\Stellar\website\sc\favicon.ico <-- homeserve /sc favicon.ico
2008.03.26 19:08 B F:\Chris P\business\Clients\Stellar\website\sc\errorlog.html --> homeserve.org /sc errorlog.html
2008.03.30 13:55 B F:\Chris P\business\Clients\Stellar\website\sc\errorlog.html <-- homeserve /sc errorlog.html
2008.03.30 20:55 B F:\Chris P\business\Clients\Stellar\website\sc\cjp_change_log.txt --> homeserve.org /sc cjp_change_log.txt
2008.03.30 20:55 B F:\Chris P\business\Clients\Stellar\website\sc\cjp_log.php --> homeserve.org /sc cjp_log.php
2008.03.30 20:55 B F:\Chris P\business\Clients\Stellar\website\sc\Copy of errorlog.html --> homeserve.org /sc Copy of errorlog.html
2008.03.30 20:55 B F:\Chris P\business\Clients\Stellar\website\sc\create_database.php --> homeserve.org /sc create_database.php
2008.03.30 20:55 B F:\Chris P\business\Clients\Stellar\website\sc\debug.php --> homeserve.org /sc debug.php
2008.03.30 20:55 B F:\Chris P\business\Clients\Stellar\website\sc\debug_data.html --> homeserve.org /sc debug_data.html
2008.03.30 20:55 B F:\Chris P\business\Clients\Stellar\website\sc\errorlog.html --> homeserve.org /sc errorlog.html
2008.03.30 20:55 B F:\Chris P\business\Clients\Stellar\website\sc\errorlog.save --> homeserve.org /sc errorlog.save
2008.03.30 20:55 B F:\Chris P\business\Clients\Stellar\website\sc\errorlog20070402.html --> homeserve.org /sc errorlog20070402.html
2008.03.30 20:55 B F:\Chris P\business\Clients\Stellar\website\sc\favicon.ico --> homeserve.org /sc favicon.ico
2008.03.30 20:55 B F:\Chris P\business\Clients\Stellar\website\sc\fixplanets.php --> homeserve.org /sc fixplanets.php
2008.03.30 20:55 B F:\Chris P\business\Clients\Stellar\website\sc\footer.php --> homeserve.org /sc footer.php
2008.03.30 20:55 B F:\Chris P\business\Clients\Stellar\website\sc\footer.php.bak --> homeserve.org /sc footer.php.bak
2008.03.30 20:55 B F:\Chris P\business\Clients\Stellar\website\sc\gameList01.php --> homeserve.org /sc gameList01.php
2008.03.30 20:55 B F:\Chris P\business\Clients\Stellar\website\sc\history.php --> homeserve.org /sc history.php
2008.03.30 20:55 B F:\Chris P\business\Clients\Stellar\website\sc\index.html --> homeserve.org /sc index.html
2008.03.30 20:55 B F:\Chris P\business\Clients\Stellar\website\sc\index.php --> homeserve.org /sc index.php
2008.03.30 20:55 B F:\Chris P\business\Clients\Stellar\website\sc\open_games.php --> homeserve.org /sc open_games.php
2008.03.30 20:55 B F:\Chris P\business\Clients\Stellar\website\sc\open_games.rss --> homeserve.org /sc open_games.rss
2008.03.30 20:55 B F:\Chris P\business\Clients\Stellar\website\sc\sc.js --> homeserve.org /sc sc.js
2008.03.30 20:56 B F:\Chris P\business\Clients\Stellar\website\sc\sc.php --> homeserve.org /sc sc.php
2008.03.30 20:56 B F:\Chris P\business\Clients\Stellar\website\sc\sc.php.bak --> homeserve.org /sc sc.php.bak
2008.03.30 20:56 B F:\Chris P\business\Clients\Stellar\website\sc\server.php --> homeserve.org /sc server.php
2008.03.30 20:56 B F:\Chris P\business\Clients\Stellar\website\sc\serverconfig.php --> homeserve.org /sc serverconfig.php
2008.03.30 20:56 B F:\Chris P\business\Clients\Stellar\website\sc\serverconfig_save20070104.php --> homeserve.org /sc serverconfig_save20070104.php
2008.03.30 20:56 B F:\Chris P\business\Clients\Stellar\website\sc\ship_types.php --> homeserve.org /sc ship_types.php
2008.03.30 20:56 B F:\Chris P\business\Clients\Stellar\website\sc\sql.php --> homeserve.org /sc sql.php
2008.03.30 20:56 B F:\Chris P\business\Clients\Stellar\website\sc\styles.css --> homeserve.org /sc styles.css
2008.03.30 20:56 B F:\Chris P\business\Clients\Stellar\website\sc\update.php --> homeserve.org /sc update.php
2008.03.30 20:56 B F:\Chris P\business\Clients\Stellar\website\sc\update.php.bak --> homeserve.org /sc update.php.bak
2008.03.30 20:56 B F:\Chris P\business\Clients\Stellar\website\sc\update01.php --> homeserve.org /sc update01.php
2008.03.30 20:56 B F:\Chris P\business\Clients\Stellar\website\sc\update02.php --> homeserve.org /sc update02.php
2008.03.30 20:56 B F:\Chris P\business\Clients\Stellar\website\sc\updates.rss --> homeserve.org /sc updates.rss
2008.04.05 10:27 B F:\Chris P\business\Clients\Stellar\website\sc\favicon.ico --> homeserve.org /sc favicon.ico
2008.04.05 10:27 B F:\Chris P\business\Clients\Stellar\website\sc\favicon.ico --> homeserve.org / favicon.ico
2008.04.05 10:36 B F:\Chris P\business\Clients\Stellar\website\sc\sc.php --> homeserve.org /sc sc.php
2008.04.06 20:42 B F:\Chris P\business\Clients\Stellar\website\sc\favicon.ico --> homeserve.org /sc favicon.ico
2008.04.06 20:47 B F:\Chris P\business\Clients\Stellar\website\sc\favicon.ico --> homeserve.org /sc favicon.ico
2008.04.06 20:47 B F:\Chris P\business\Clients\Stellar\website\sc\favicon.ico --> homeserve.org /sc favicon.ico
2008.04.06 20:53 B F:\Chris P\business\Clients\Stellar\website\sc\favicon.ico --> homeserve.org /sc favicon.ico
2008.04.06 20:56 B F:\Chris P\business\Clients\Stellar\website\sc\favicon.ico --> homeserve.org /sc favicon.ico
2008.04.06 21:05 B F:\Chris P\business\Clients\Stellar\website\sc\globe.ico --> homeserve.org /sc globe.ico
2008.04.06 21:05 B F:\Chris P\business\Clients\Stellar\website\sc\SCskull.ico --> homeserve.org /sc SCskull.ico
2008.04.06 21:14 B F:\Chris P\business\Clients\Stellar\website\sc\test.ico --> homeserve.org /sc test.ico
2008.04.06 21:20 B F:\Chris P\business\Clients\Stellar\website\sc\SCskull.ico --> homeserve.org /sc SCskull.ico
2008.04.06 21:22 B F:\Chris P\business\Clients\Stellar\website\sc\favicon.ico --> homeserve.org /sc favicon.ico
2008.04.06 21:27 B F:\Chris P\business\Clients\Stellar\website\sc\SCskull2.ico --> homeserve.org /sc SCskull2.ico
2008.04.06 21:34 B F:\Chris P\business\Clients\Stellar\website\sc\almonaster.ico --> homeserve.org /sc almonaster.ico
2008.04.06 21:34 B F:\Chris P\business\Clients\Stellar\website\sc\favicon.ico --> homeserve.org /sc favicon.ico
2008.04.06 21:34 B F:\Chris P\business\Clients\Stellar\website\sc\globe.ico --> homeserve.org /sc globe.ico
2008.04.06 21:35 B F:\Chris P\business\Clients\Stellar\website\sc\SCskull.ico --> homeserve.org /sc SCskull.ico
2008.04.06 21:35 B F:\Chris P\business\Clients\Stellar\website\sc\test.ico --> homeserve.org /sc test.ico
2008.05.27 17:25 B F:\Chris P\business\Clients\Stellar\website\sc\styles.css --> homeserve.org /sc/game styles.css
