2006.12.29 17:49 B F:\Chris P\business\Clients\Stellar\website\images\debian.png --> homeserve.org /sc/images debian.png
2006.12.29 18:17 B F:\Chris P\business\Clients\Stellar\website\images\deb.gif --> homeserve.org /sc/images deb.gif
2006.12.29 18:18 B F:\Chris P\business\Clients\Stellar\website\images\deb.gif --> homeserve.org /sc/images deb.gif
2007.01.24 22:12 B F:\Chris P\business\Clients\Stellar\website\images\rss.gif --> homeserve.org /sc/images rss.gif
2007.02.05 19:07 B F:\Chris P\business\Clients\Stellar\website\images\._sclogo_neo.mini.jpg --> homeserve.org /sctest/images ._sclogo_neo.mini.jpg
2007.02.05 19:07 B F:\Chris P\business\Clients\Stellar\website\images\anilani.gif --> homeserve.org /sctest/images anilani.gif
2007.02.05 19:07 B F:\Chris P\business\Clients\Stellar\website\images\annihilated.gif --> homeserve.org /sctest/images annihilated.gif
2007.02.05 19:07 B F:\Chris P\business\Clients\Stellar\website\images\blank.gif --> homeserve.org /sctest/images blank.gif
2007.02.05 19:07 B F:\Chris P\business\Clients\Stellar\website\images\bottom.gif --> homeserve.org /sctest/images bottom.gif
2007.02.05 19:07 B F:\Chris P\business\Clients\Stellar\website\images\bottom_left.gif --> homeserve.org /sctest/images bottom_left.gif
2007.02.05 19:07 B F:\Chris P\business\Clients\Stellar\website\images\bottom_right.gif --> homeserve.org /sctest/images bottom_right.gif
2007.02.05 19:08 B F:\Chris P\business\Clients\Stellar\website\images\bridierlist.gif --> homeserve.org /sctest/images bridierlist.gif
2007.02.05 19:08 B F:\Chris P\business\Clients\Stellar\website\images\center.gif --> homeserve.org /sctest/images center.gif
2007.02.05 19:08 B F:\Chris P\business\Clients\Stellar\website\images\coord.gif --> homeserve.org /sctest/images coord.gif
2007.02.05 19:08 B F:\Chris P\business\Clients\Stellar\website\images\d0.gif --> homeserve.org /sctest/images d0.gif
2007.02.05 19:08 B F:\Chris P\business\Clients\Stellar\website\images\d1.gif --> homeserve.org /sctest/images d1.gif
2007.02.05 19:08 B F:\Chris P\business\Clients\Stellar\website\images\d2.gif --> homeserve.org /sctest/images d2.gif
2007.02.05 19:08 B F:\Chris P\business\Clients\Stellar\website\images\d3.gif --> homeserve.org /sctest/images d3.gif
2007.02.05 19:08 B F:\Chris P\business\Clients\Stellar\website\images\d4.gif --> homeserve.org /sctest/images d4.gif
2007.02.05 19:08 B F:\Chris P\business\Clients\Stellar\website\images\d5.gif --> homeserve.org /sctest/images d5.gif
2007.02.05 19:08 B F:\Chris P\business\Clients\Stellar\website\images\d6.gif --> homeserve.org /sctest/images d6.gif
2007.02.05 19:08 B F:\Chris P\business\Clients\Stellar\website\images\d7.gif --> homeserve.org /sctest/images d7.gif
2007.02.05 19:08 B F:\Chris P\business\Clients\Stellar\website\images\d8.gif --> homeserve.org /sctest/images d8.gif
2007.02.05 19:08 B F:\Chris P\business\Clients\Stellar\website\images\d9.gif --> homeserve.org /sctest/images d9.gif
2007.02.05 19:08 B F:\Chris P\business\Clients\Stellar\website\images\deb.gif --> homeserve.org /sctest/images deb.gif
2007.02.05 19:08 B F:\Chris P\business\Clients\Stellar\website\images\debian.png --> homeserve.org /sctest/images debian.png
2007.02.05 19:08 B F:\Chris P\business\Clients\Stellar\website\images\filler.gif --> homeserve.org /sctest/images filler.gif
2007.02.05 19:08 B F:\Chris P\business\Clients\Stellar\website\images\horz.gif --> homeserve.org /sctest/images horz.gif
2007.02.05 19:08 B F:\Chris P\business\Clients\Stellar\website\images\invite1.gif --> homeserve.org /sctest/images invite1.gif
2007.02.05 19:08 B F:\Chris P\business\Clients\Stellar\website\images\invite2.gif --> homeserve.org /sctest/images invite2.gif
2007.02.05 19:08 B F:\Chris P\business\Clients\Stellar\website\images\invited.gif --> homeserve.org /sctest/images invited.gif
2007.02.05 19:08 B F:\Chris P\business\Clients\Stellar\website\images\inviteteam.gif --> homeserve.org /sctest/images inviteteam.gif
2007.02.05 19:08 B F:\Chris P\business\Clients\Stellar\website\images\left.gif --> homeserve.org /sctest/images left.gif
2007.02.05 19:08 B F:\Chris P\business\Clients\Stellar\website\images\minimap.gif --> homeserve.org /sctest/images minimap.gif
2007.02.05 19:08 B F:\Chris P\business\Clients\Stellar\website\images\nukedani.gif --> homeserve.org /sctest/images nukedani.gif
2007.02.05 19:08 B F:\Chris P\business\Clients\Stellar\website\images\planet.bak.gif --> homeserve.org /sctest/images planet.bak.gif
2007.02.05 19:08 B F:\Chris P\business\Clients\Stellar\website\images\planet.gif --> homeserve.org /sctest/images planet.gif
2007.02.05 19:08 B F:\Chris P\business\Clients\Stellar\website\images\right.gif --> homeserve.org /sctest/images right.gif
2007.02.05 19:08 B F:\Chris P\business\Clients\Stellar\website\images\rss.gif --> homeserve.org /sctest/images rss.gif
2007.02.05 19:08 B F:\Chris P\business\Clients\Stellar\website\images\sclogo.gif --> homeserve.org /sctest/images sclogo.gif
2007.02.05 19:08 B F:\Chris P\business\Clients\Stellar\website\images\sclogo_neo.gif --> homeserve.org /sctest/images sclogo_neo.gif
2007.02.05 19:08 B F:\Chris P\business\Clients\Stellar\website\images\sclogo_neo.mini.jpg --> homeserve.org /sctest/images sclogo_neo.mini.jpg
2007.02.05 19:08 B F:\Chris P\business\Clients\Stellar\website\images\sclogo_transparent.gif --> homeserve.org /sctest/images sclogo_transparent.gif
2007.02.05 19:08 B F:\Chris P\business\Clients\Stellar\website\images\space.jpg --> homeserve.org /sctest/images space.jpg
2007.02.05 19:08 B F:\Chris P\business\Clients\Stellar\website\images\spacerule.gif --> homeserve.org /sctest/images spacerule.gif
2007.02.05 19:08 B F:\Chris P\business\Clients\Stellar\website\images\spacerule.jpg --> homeserve.org /sctest/images spacerule.jpg
2007.02.05 19:08 B F:\Chris P\business\Clients\Stellar\website\images\spacerule2.gif --> homeserve.org /sctest/images spacerule2.gif
2007.02.05 19:08 B F:\Chris P\business\Clients\Stellar\website\images\spacerule_old.jpg --> homeserve.org /sctest/images spacerule_old.jpg
2007.02.05 19:08 B F:\Chris P\business\Clients\Stellar\website\images\sr1.gif --> homeserve.org /sctest/images sr1.gif
2007.02.05 19:08 B F:\Chris P\business\Clients\Stellar\website\images\sr2.gif --> homeserve.org /sctest/images sr2.gif
2007.02.05 19:08 B F:\Chris P\business\Clients\Stellar\website\images\sr3.gif --> homeserve.org /sctest/images sr3.gif
2007.02.05 19:08 B F:\Chris P\business\Clients\Stellar\website\images\sr4.gif --> homeserve.org /sctest/images sr4.gif
2007.02.05 19:08 B F:\Chris P\business\Clients\Stellar\website\images\starfield.gif --> homeserve.org /sctest/images starfield.gif
2007.02.05 19:08 B F:\Chris P\business\Clients\Stellar\website\images\starfield.jpg --> homeserve.org /sctest/images starfield.jpg
2007.02.05 19:08 B F:\Chris P\business\Clients\Stellar\website\images\starfield_original.gif --> homeserve.org /sctest/images starfield_original.gif
2007.02.05 19:08 B F:\Chris P\business\Clients\Stellar\website\images\startgame.gif --> homeserve.org /sctest/images startgame.gif
2007.02.05 19:08 B F:\Chris P\business\Clients\Stellar\website\images\test4.jpg --> homeserve.org /sctest/images test4.jpg
2007.02.05 19:08 B F:\Chris P\business\Clients\Stellar\website\images\top.gif --> homeserve.org /sctest/images top.gif
2007.02.05 19:08 B F:\Chris P\business\Clients\Stellar\website\images\top_left.gif --> homeserve.org /sctest/images top_left.gif
2007.02.05 19:08 B F:\Chris P\business\Clients\Stellar\website\images\top_right.gif --> homeserve.org /sctest/images top_right.gif
2007.02.05 19:08 B F:\Chris P\business\Clients\Stellar\website\images\upno.gif --> homeserve.org /sctest/images upno.gif
2007.02.05 19:08 B F:\Chris P\business\Clients\Stellar\website\images\vert.gif --> homeserve.org /sctest/images vert.gif
2007.02.05 19:09 B F:\Chris P\business\Clients\Stellar\website\images\WS_FTP.LOG --> homeserve.org /sctest/images WS_FTP.LOG
2008.03.26 19:03 B F:\Chris P\business\Clients\Stellar\website\sc\images\vert.gif <-- homeserve /sc/images vert.gif
2008.03.26 19:03 B F:\Chris P\business\Clients\Stellar\website\sc\images\top_right.gif <-- homeserve /sc/images top_right.gif
2008.03.26 19:03 B F:\Chris P\business\Clients\Stellar\website\sc\images\top_left.gif <-- homeserve /sc/images top_left.gif
2008.03.26 19:03 B F:\Chris P\business\Clients\Stellar\website\sc\images\top.gif <-- homeserve /sc/images top.gif
2008.03.26 19:03 B F:\Chris P\business\Clients\Stellar\website\sc\images\test4.jpg <-- homeserve /sc/images test4.jpg
2008.03.26 19:03 B F:\Chris P\business\Clients\Stellar\website\sc\images\startgame.gif <-- homeserve /sc/images startgame.gif
2008.03.26 19:03 B F:\Chris P\business\Clients\Stellar\website\sc\images\starfield_original.gif <-- homeserve /sc/images starfield_original.gif
2008.03.26 19:03 B F:\Chris P\business\Clients\Stellar\website\sc\images\starfield.jpg <-- homeserve /sc/images starfield.jpg
2008.03.26 19:03 B F:\Chris P\business\Clients\Stellar\website\sc\images\starfield.gif <-- homeserve /sc/images starfield.gif
2008.03.26 19:03 B F:\Chris P\business\Clients\Stellar\website\sc\images\sr4.gif <-- homeserve /sc/images sr4.gif
2008.03.26 19:03 B F:\Chris P\business\Clients\Stellar\website\sc\images\sr3.gif <-- homeserve /sc/images sr3.gif
2008.03.26 19:03 B F:\Chris P\business\Clients\Stellar\website\sc\images\sr2.gif <-- homeserve /sc/images sr2.gif
2008.03.26 19:03 B F:\Chris P\business\Clients\Stellar\website\sc\images\sr1.gif <-- homeserve /sc/images sr1.gif
2008.03.26 19:03 B F:\Chris P\business\Clients\Stellar\website\sc\images\spacerule_old.jpg <-- homeserve /sc/images spacerule_old.jpg
2008.03.26 19:03 B F:\Chris P\business\Clients\Stellar\website\sc\images\spacerule2.gif <-- homeserve /sc/images spacerule2.gif
2008.03.26 19:03 B F:\Chris P\business\Clients\Stellar\website\sc\images\spacerule.jpg <-- homeserve /sc/images spacerule.jpg
2008.03.26 19:03 B F:\Chris P\business\Clients\Stellar\website\sc\images\spacerule.gif <-- homeserve /sc/images spacerule.gif
2008.03.26 19:03 B F:\Chris P\business\Clients\Stellar\website\sc\images\space.jpg <-- homeserve /sc/images space.jpg
2008.03.26 19:03 B F:\Chris P\business\Clients\Stellar\website\sc\images\sclogo_transparent.gif <-- homeserve /sc/images sclogo_transparent.gif
2008.03.26 19:03 B F:\Chris P\business\Clients\Stellar\website\sc\images\sclogo_neo.mini.jpg <-- homeserve /sc/images sclogo_neo.mini.jpg
2008.03.26 19:03 B F:\Chris P\business\Clients\Stellar\website\sc\images\sclogo_neo.gif <-- homeserve /sc/images sclogo_neo.gif
2008.03.26 19:03 B F:\Chris P\business\Clients\Stellar\website\sc\images\sclogo.gif <-- homeserve /sc/images sclogo.gif
2008.03.26 19:03 B F:\Chris P\business\Clients\Stellar\website\sc\images\right.gif <-- homeserve /sc/images right.gif
2008.03.26 19:03 B F:\Chris P\business\Clients\Stellar\website\sc\images\planet.gif <-- homeserve /sc/images planet.gif
2008.03.26 19:03 B F:\Chris P\business\Clients\Stellar\website\sc\images\planet.bak.gif <-- homeserve /sc/images planet.bak.gif
2008.03.26 19:03 B F:\Chris P\business\Clients\Stellar\website\sc\images\nukedani.gif <-- homeserve /sc/images nukedani.gif
2008.03.26 19:03 B F:\Chris P\business\Clients\Stellar\website\sc\images\minimap.gif <-- homeserve /sc/images minimap.gif
2008.03.26 19:03 B F:\Chris P\business\Clients\Stellar\website\sc\images\left.gif <-- homeserve /sc/images left.gif
2008.03.26 19:03 B F:\Chris P\business\Clients\Stellar\website\sc\images\inviteteam.gif <-- homeserve /sc/images inviteteam.gif
2008.03.26 19:03 B F:\Chris P\business\Clients\Stellar\website\sc\images\invited.gif <-- homeserve /sc/images invited.gif
2008.03.26 19:03 B F:\Chris P\business\Clients\Stellar\website\sc\images\invite2.gif <-- homeserve /sc/images invite2.gif
2008.03.26 19:04 B F:\Chris P\business\Clients\Stellar\website\sc\images\invite1.gif <-- homeserve /sc/images invite1.gif
2008.03.26 19:04 B F:\Chris P\business\Clients\Stellar\website\sc\images\horz.gif <-- homeserve /sc/images horz.gif
2008.03.26 19:04 B F:\Chris P\business\Clients\Stellar\website\sc\images\filler.gif <-- homeserve /sc/images filler.gif
2008.03.26 19:04 B F:\Chris P\business\Clients\Stellar\website\sc\images\debian.png <-- homeserve /sc/images debian.png
2008.03.26 19:04 B F:\Chris P\business\Clients\Stellar\website\sc\images\deb.gif <-- homeserve /sc/images deb.gif
2008.03.26 19:04 B F:\Chris P\business\Clients\Stellar\website\sc\images\coord.gif <-- homeserve /sc/images coord.gif
2008.03.26 19:04 B F:\Chris P\business\Clients\Stellar\website\sc\images\center.gif <-- homeserve /sc/images center.gif
2008.03.26 19:04 B F:\Chris P\business\Clients\Stellar\website\sc\images\bridierlist.gif <-- homeserve /sc/images bridierlist.gif
2008.03.26 19:04 B F:\Chris P\business\Clients\Stellar\website\sc\images\bottom_right.gif <-- homeserve /sc/images bottom_right.gif
2008.03.26 19:04 B F:\Chris P\business\Clients\Stellar\website\sc\images\bottom_left.gif <-- homeserve /sc/images bottom_left.gif
2008.03.26 19:04 B F:\Chris P\business\Clients\Stellar\website\sc\images\bottom.gif <-- homeserve /sc/images bottom.gif
2008.03.26 19:04 B F:\Chris P\business\Clients\Stellar\website\sc\images\annihilated.gif <-- homeserve /sc/images annihilated.gif
2008.03.26 19:04 B F:\Chris P\business\Clients\Stellar\website\sc\images\anilani.gif <-- homeserve /sc/images anilani.gif
2008.03.30 20:55 B F:\Chris P\business\Clients\Stellar\website\sc\images\._sclogo_neo.mini.jpg --> homeserve.org /sc/images ._sclogo_neo.mini.jpg
2008.03.30 20:55 B F:\Chris P\business\Clients\Stellar\website\sc\images\blank.gif --> homeserve.org /sc/images blank.gif
2008.03.30 20:55 B F:\Chris P\business\Clients\Stellar\website\sc\images\d0.gif --> homeserve.org /sc/images d0.gif
2008.03.30 20:55 B F:\Chris P\business\Clients\Stellar\website\sc\images\d1.gif --> homeserve.org /sc/images d1.gif
2008.03.30 20:55 B F:\Chris P\business\Clients\Stellar\website\sc\images\d2.gif --> homeserve.org /sc/images d2.gif
2008.03.30 20:55 B F:\Chris P\business\Clients\Stellar\website\sc\images\d3.gif --> homeserve.org /sc/images d3.gif
2008.03.30 20:55 B F:\Chris P\business\Clients\Stellar\website\sc\images\d4.gif --> homeserve.org /sc/images d4.gif
2008.03.30 20:55 B F:\Chris P\business\Clients\Stellar\website\sc\images\d5.gif --> homeserve.org /sc/images d5.gif
2008.03.30 20:55 B F:\Chris P\business\Clients\Stellar\website\sc\images\d6.gif --> homeserve.org /sc/images d6.gif
2008.03.30 20:55 B F:\Chris P\business\Clients\Stellar\website\sc\images\d7.gif --> homeserve.org /sc/images d7.gif
2008.03.30 20:55 B F:\Chris P\business\Clients\Stellar\website\sc\images\d8.gif --> homeserve.org /sc/images d8.gif
2008.03.30 20:55 B F:\Chris P\business\Clients\Stellar\website\sc\images\d9.gif --> homeserve.org /sc/images d9.gif
2008.03.30 20:55 B F:\Chris P\business\Clients\Stellar\website\sc\images\rss.gif --> homeserve.org /sc/images rss.gif
2008.03.30 20:55 B F:\Chris P\business\Clients\Stellar\website\sc\images\upno.gif --> homeserve.org /sc/images upno.gif
2008.03.30 20:55 B F:\Chris P\business\Clients\Stellar\website\sc\images\WS_FTP.LOG --> homeserve.org /sc/images WS_FTP.LOG
